2017-08-20 19:17:49,340 [Worker-0] INFO  c.g.t.t.d.PublishedGradleVersions - Gradle version information cache is not available. Remote download required.
2017-08-20 19:17:57,706 [Start Help Server] INFO  org.eclipse.jetty.util.log - Logging initialized @74733ms to org.eclipse.jetty.util.log.Slf4jLog
2017-08-20 19:17:58,101 [Start Help Server] INFO  org.eclipse.jetty.server.Server - jetty-9.4.5.v20170502
2017-08-20 19:17:58,147 [Start Help Server] INFO  org.eclipse.jetty.server.session - DefaultSessionIdManager workerName=node0
2017-08-20 19:17:58,147 [Start Help Server] INFO  org.eclipse.jetty.server.session - No SessionScavenger set, using defaults
2017-08-20 19:17:58,151 [Start Help Server] INFO  org.eclipse.jetty.server.session - Scavenging every 600000ms
2017-08-20 19:17:58,219 [Start Help Server] INFO  o.e.j.server.handler.ContextHandler - Started o.e.j.s.ServletContextHandler@24bd5e3e{/help,null,AVAILABLE}
2017-08-20 19:17:58,264 [Start Help Server] INFO  o.e.jetty.server.AbstractConnector - Started ServerConnector@66f919d7{HTTP/1.1,[http/1.1]}{127.0.0.1:50122}
2017-08-20 19:17:58,265 [Start Help Server] INFO  org.eclipse.jetty.server.Server - Started @75292ms
2017-08-20 20:50:37,776 [Stop Help Server] INFO  o.e.jetty.server.AbstractConnector - Stopped ServerConnector@66f919d7{HTTP/1.1,[http/1.1]}{127.0.0.1:0}
2017-08-20 20:50:37,777 [Stop Help Server] INFO  org.eclipse.jetty.server.session - Stopped scavenging
2017-08-20 20:50:37,793 [Stop Help Server] INFO  o.e.j.server.handler.ContextHandler - Stopped o.e.j.s.ServletContextHandler@24bd5e3e{/help,null,UNAVAILABLE}
2017-08-25 09:51:03,053 [Worker-7] INFO  c.g.t.t.d.PublishedGradleVersions - Gradle version information cache is out-of-date. Trying to update.
2017-08-25 12:46:22,510 [Worker-10] INFO  c.g.t.t.d.PublishedGradleVersions - Gradle version information cache is up-to-date. Trying to read.
2017-08-25 13:47:12,148 [Worker-5] INFO  c.g.t.t.d.PublishedGradleVersions - Gradle version information cache is up-to-date. Trying to read.
2017-08-25 22:11:45,133 [Worker-2] INFO  c.g.t.t.d.PublishedGradleVersions - Gradle version information cache is up-to-date. Trying to read.
2017-08-25 23:03:30,099 [Worker-9] INFO  c.g.t.t.d.PublishedGradleVersions - Gradle version information cache is up-to-date. Trying to read.
2017-08-26 18:31:10,407 [Worker-0] INFO  c.g.t.t.d.PublishedGradleVersions - Gradle version information cache is out-of-date. Trying to update.
2017-08-28 12:52:14,300 [Worker-12] INFO  c.g.t.t.d.PublishedGradleVersions - Gradle version information cache is out-of-date. Trying to update.
2017-08-28 13:28:09,943 [Worker-4] INFO  c.g.t.t.d.PublishedGradleVersions - Gradle version information cache is up-to-date. Trying to read.
2017-08-30 14:52:51,465 [Worker-1] INFO  c.g.t.t.d.PublishedGradleVersions - Gradle version information cache is out-of-date. Trying to update.
2017-08-30 16:27:01,891 [Worker-6] INFO  c.g.t.t.d.PublishedGradleVersions - Gradle version information cache is up-to-date. Trying to read.
2017-08-31 00:18:57,977 [Worker-2] INFO  c.g.t.t.d.PublishedGradleVersions - Gradle version information cache is up-to-date. Trying to read.
2017-08-31 09:30:02,687 [Worker-1] INFO  c.g.t.t.d.PublishedGradleVersions - Gradle version information cache is up-to-date. Trying to read.
2017-08-31 18:17:28,918 [Worker-55] INFO  c.g.t.t.d.PublishedGradleVersions - Gradle version information cache is out-of-date. Trying to update.
2017-09-01 14:58:58,410 [Worker-5] INFO  c.g.t.t.d.PublishedGradleVersions - Gradle version information cache is up-to-date. Trying to read.
2017-09-05 09:13:57,951 [Worker-7] INFO  c.g.t.t.d.PublishedGradleVersions - Gradle version information cache is out-of-date. Trying to update.
2017-09-06 16:30:43,049 [Worker-3] INFO  c.g.t.t.d.PublishedGradleVersions - Gradle version information cache is out-of-date. Trying to update.
2017-09-07 12:36:06,896 [Worker-1] INFO  c.g.t.t.d.PublishedGradleVersions - Gradle version information cache is up-to-date. Trying to read.
2017-09-08 10:22:09,972 [Worker-6] INFO  c.g.t.t.d.PublishedGradleVersions - Gradle version information cache is out-of-date. Trying to update.
2017-09-08 15:44:08,188 [Worker-17] INFO  c.g.t.t.d.PublishedGradleVersions - Gradle version information cache is up-to-date. Trying to read.
2017-09-09 12:12:49,884 [Worker-8] INFO  c.g.t.t.d.PublishedGradleVersions - Gradle version information cache is out-of-date. Trying to update.
2017-09-09 12:12:50,147 [Worker-8] INFO  c.g.t.t.d.PublishedGradleVersions - Updating Gradle version information cache failed. Using outdated cache.
2017-09-09 16:20:53,345 [Worker-8] INFO  c.g.t.t.d.PublishedGradleVersions - Gradle version information cache is out-of-date. Trying to update.
